[INFO] [2018-05-31 18:43:52][org.springframework.beans.factory.xml.XmlBeanDefinitionReader]Loading XML bean definitions from class path resource [spring-mybatis.xml]
  [INFO] [2018-05-31 18:43:52][org.springframework.context.support.GenericApplicationContext]Refreshing org.springframework.context.support.GenericApplicationContext@5b9ca1fb: startup date [Thu May 31 18:43:52 CST 2018]; root of context hierarchy
  [INFO] [2018-05-31 18:43:52][org.springframework.beans.factory.config.PropertyPlaceholderConfigurer]Loading properties file from class path resource [jdbc.properties]
  [INFO] [2018-05-31 18:43:52][org.springframework.beans.factory.annotation.AutowiredAnnotationBeanPostProcessor]JSR-330 'javax.inject.Inject' annotation found and supported for autowiring
  [INFO] [2018-05-31 18:43:52][org.springframework.context.support.GenericApplicationContext]Closing org.springframework.context.support.GenericApplicationContext@5b9ca1fb: startup date [Thu May 31 18:43:52 CST 2018]; root of context hierarchy
  [INFO] [2018-05-31 18:53:25][org.springframework.beans.factory.xml.XmlBeanDefinitionReader]Loading XML bean definitions from class path resource [spring-mybatis.xml]
  [INFO] [2018-05-31 18:53:26][org.springframework.context.support.GenericApplicationContext]Refreshing org.springframework.context.support.GenericApplicationContext@5b9ca1fb: startup date [Thu May 31 18:53:26 CST 2018]; root of context hierarchy
  [INFO] [2018-05-31 18:53:26][org.springframework.beans.factory.config.PropertyPlaceholderConfigurer]Loading properties file from class path resource [jdbc.properties]
  [INFO] [2018-05-31 18:53:26][org.springframework.beans.factory.annotation.AutowiredAnnotationBeanPostProcessor]JSR-330 'javax.inject.Inject' annotation found and supported for autowiring
  [INFO] [2018-05-31 18:53:26][org.springframework.context.support.GenericApplicationContext]Closing org.springframework.context.support.GenericApplicationContext@5b9ca1fb: startup date [Thu May 31 18:53:26 CST 2018]; root of context hierarchy
  [INFO] [2018-05-31 18:57:21][org.springframework.beans.factory.xml.XmlBeanDefinitionReader]Loading XML bean definitions from class path resource [spring-mybatis.xml]
  [INFO] [2018-05-31 18:57:21][org.springframework.context.support.GenericApplicationContext]Refreshing org.springframework.context.support.GenericApplicationContext@84e94ba: startup date [Thu May 31 18:57:21 CST 2018]; root of context hierarchy
  [INFO] [2018-05-31 18:57:21][org.springframework.beans.factory.config.PropertyPlaceholderConfigurer]Loading properties file from class path resource [jdbc.properties]
  [INFO] [2018-05-31 18:57:21][org.springframework.beans.factory.annotation.AutowiredAnnotationBeanPostProcessor]JSR-330 'javax.inject.Inject' annotation found and supported for autowiring
  [INFO] [2018-05-31 18:57:22][org.springframework.context.support.GenericApplicationContext]Closing org.springframework.context.support.GenericApplicationContext@84e94ba: startup date [Thu May 31 18:57:21 CST 2018]; root of context hierarchy
  [INFO] [2018-05-31 19:00:22][org.springframework.beans.factory.xml.XmlBeanDefinitionReader]Loading XML bean definitions from class path resource [spring-mybatis.xml]
  [INFO] [2018-05-31 19:00:22][org.springframework.context.support.GenericApplicationContext]Refreshing org.springframework.context.support.GenericApplicationContext@84e94ba: startup date [Thu May 31 19:00:22 CST 2018]; root of context hierarchy
  [INFO] [2018-05-31 19:00:22][org.springframework.beans.factory.config.PropertyPlaceholderConfigurer]Loading properties file from class path resource [jdbc.properties]
  [ERROR] [2018-05-31 19:00:22][org.springframework.test.context.TestContextManager]Caught exception while allowing TestExecutionListener [org.springframework.test.context.support.DependencyInjectionTestExecutionListener@549adb8] to prepare test instance [com.cn.test.TestMyBatis@282c0dbe]
  java.lang.IllegalStateException: Failed to load ApplicationContext
	at org.springframework.test.context.CacheAwareContextLoaderDelegate.loadContext(CacheAwareContextLoaderDelegate.java:99)
	at org.springframework.test.context.DefaultTestContext.getApplicationContext(DefaultTestContext.java:101)
	at org.springframework.test.context.support.DependencyInjectionTestExecutionListener.injectDependencies(DependencyInjectionTestExecutionListener.java:109)
	at org.springframework.test.context.support.DependencyInjectionTestExecutionListener.prepareTestInstance(DependencyInjectionTestExecutionListener.java:75)
	at org.springframework.test.context.TestContextManager.prepareTestInstance(TestContextManager.java:319)
	at org.springframework.test.context.junit4.SpringJUnit4ClassRunner.createTest(SpringJUnit4ClassRunner.java:212)
	at org.springframework.test.context.junit4.SpringJUnit4ClassRunner$1.runReflectiveCall(SpringJUnit4ClassRunner.java:289)
	at org.junit.internal.runners.model.ReflectiveCallable.run(ReflectiveCallable.java:12)
	at org.springframework.test.context.junit4.SpringJUnit4ClassRunner.methodBlock(SpringJUnit4ClassRunner.java:291)
	at org.springframework.test.context.junit4.SpringJUnit4ClassRunner.runChild(SpringJUnit4ClassRunner.java:232)
	at org.springframework.test.context.junit4.SpringJUnit4ClassRunner.runChild(SpringJUnit4ClassRunner.java:89)
	at org.junit.runners.ParentRunner$3.run(ParentRunner.java:290)
	at org.junit.runners.ParentRunner$1.schedule(ParentRunner.java:71)
	at org.junit.runners.ParentRunner.runChildren(ParentRunner.java:288)
	at org.junit.runners.ParentRunner.access$000(ParentRunner.java:58)
	at org.junit.runners.ParentRunner$2.evaluate(ParentRunner.java:268)
	at org.springframework.test.context.junit4.statements.RunBeforeTestClassCallbacks.evaluate(RunBeforeTestClassCallbacks.java:61)
	at org.springframework.test.context.junit4.statements.RunAfterTestClassCallbacks.evaluate(RunAfterTestClassCallbacks.java:71)
	at org.junit.runners.ParentRunner.run(ParentRunner.java:363)
	at org.springframework.test.context.junit4.SpringJUnit4ClassRunner.run(SpringJUnit4ClassRunner.java:175)
	at org.eclipse.jdt.internal.junit4.runner.JUnit4TestReference.run(JUnit4TestReference.java:86)
	at org.eclipse.jdt.internal.junit.runner.TestExecution.run(TestExecution.java:38)
	at org.eclipse.jdt.internal.junit.runner.RemoteTestRunner.runTests(RemoteTestRunner.java:459)
	at org.eclipse.jdt.internal.junit.runner.RemoteTestRunner.runTests(RemoteTestRunner.java:675)
	at org.eclipse.jdt.internal.junit.runner.RemoteTestRunner.run(RemoteTestRunner.java:382)
	at org.eclipse.jdt.internal.junit.runner.RemoteTestRunner.main(RemoteTestRunner.java:192)
Caused by: org.springframework.beans.factory.BeanDefinitionStoreException: Invalid bean definition with name 'dataSource' defined in class path resource [spring-mybatis.xml]: Could not resolve placeholder 'driver' in string value "${driver}"; nested exception is java.lang.IllegalArgumentException: Could not resolve placeholder 'driver' in string value "${driver}"
	at org.springframework.beans.factory.config.PlaceholderConfigurerSupport.doProcessProperties(PlaceholderConfigurerSupport.java:211)
	at org.springframework.beans.factory.config.PropertyPlaceholderConfigurer.processProperties(PropertyPlaceholderConfigurer.java:223)
	at org.springframework.beans.factory.config.PropertyResourceConfigurer.postProcessBeanFactory(PropertyResourceConfigurer.java:86)
	at org.springframework.context.support.PostProcessorRegistrationDelegate.invokeBeanFactoryPostProcessors(PostProcessorRegistrationDelegate.java:265)
	at org.springframework.context.support.PostProcessorRegistrationDelegate.invokeBeanFactoryPostProcessors(PostProcessorRegistrationDelegate.java:162)
	at org.springframework.context.support.AbstractApplicationContext.invokeBeanFactoryPostProcessors(AbstractApplicationContext.java:609)
	at org.springframework.context.support.AbstractApplicationContext.refresh(AbstractApplicationContext.java:464)
	at org.springframework.test.context.support.AbstractGenericContextLoader.loadContext(AbstractGenericContextLoader.java:121)
	at org.springframework.test.context.support.AbstractGenericContextLoader.loadContext(AbstractGenericContextLoader.java:60)
	at org.springframework.test.context.support.AbstractDelegatingSmartContextLoader.delegateLoading(AbstractDelegatingSmartContextLoader.java:100)
	at org.springframework.test.context.support.AbstractDelegatingSmartContextLoader.loadContext(AbstractDelegatingSmartContextLoader.java:250)
	at org.springframework.test.context.CacheAwareContextLoaderDelegate.loadContextInternal(CacheAwareContextLoaderDelegate.java:64)
	at org.springframework.test.context.CacheAwareContextLoaderDelegate.loadContext(CacheAwareContextLoaderDelegate.java:91)
	... 25 more
Caused by: java.lang.IllegalArgumentException: Could not resolve placeholder 'driver' in string value "${driver}"
	at org.springframework.util.PropertyPlaceholderHelper.parseStringValue(PropertyPlaceholderHelper.java:174)
	at org.springframework.util.PropertyPlaceholderHelper.replacePlaceholders(PropertyPlaceholderHelper.java:126)
	at org.springframework.beans.factory.config.PropertyPlaceholderConfigurer$PlaceholderResolvingStringValueResolver.resolveStringValue(PropertyPlaceholderConfigurer.java:259)
	at org.springframework.beans.factory.config.BeanDefinitionVisitor.resolveStringValue(BeanDefinitionVisitor.java:282)
	at org.springframework.beans.factory.config.BeanDefinitionVisitor.resolveValue(BeanDefinitionVisitor.java:204)
	at org.springframework.beans.factory.config.BeanDefinitionVisitor.visitPropertyValues(BeanDefinitionVisitor.java:141)
	at org.springframework.beans.factory.config.BeanDefinitionVisitor.visitBeanDefinition(BeanDefinitionVisitor.java:82)
	at org.springframework.beans.factory.config.PlaceholderConfigurerSupport.doProcessProperties(PlaceholderConfigurerSupport.java:208)
	... 37 more
[INFO] [2018-05-31 19:01:03][org.springframework.beans.factory.xml.XmlBeanDefinitionReader]Loading XML bean definitions from class path resource [spring-mybatis.xml]
  [INFO] [2018-05-31 19:01:03][org.springframework.context.support.GenericApplicationContext]Refreshing org.springframework.context.support.GenericApplicationContext@5f064398: startup date [Thu May 31 19:01:03 CST 2018]; root of context hierarchy
  [INFO] [2018-05-31 19:01:03][org.springframework.beans.factory.config.PropertyPlaceholderConfigurer]Loading properties file from class path resource [jdbc.properties]
  [ERROR] [2018-05-31 19:01:03][org.springframework.test.context.TestContextManager]Caught exception while allowing TestExecutionListener [org.springframework.test.context.support.DependencyInjectionTestExecutionListener@38942215] to prepare test instance [com.cn.test.TestMyBatis@549adb8]
  java.lang.IllegalStateException: Failed to load ApplicationContext
	at org.springframework.test.context.CacheAwareContextLoaderDelegate.loadContext(CacheAwareContextLoaderDelegate.java:99)
	at org.springframework.test.context.DefaultTestContext.getApplicationContext(DefaultTestContext.java:101)
	at org.springframework.test.context.support.DependencyInjectionTestExecutionListener.injectDependencies(DependencyInjectionTestExecutionListener.java:109)
	at org.springframework.test.context.support.DependencyInjectionTestExecutionListener.prepareTestInstance(DependencyInjectionTestExecutionListener.java:75)
	at org.springframework.test.context.TestContextManager.prepareTestInstance(TestContextManager.java:319)
	at org.springframework.test.context.junit4.SpringJUnit4ClassRunner.createTest(SpringJUnit4ClassRunner.java:212)
	at org.springframework.test.context.junit4.SpringJUnit4ClassRunner$1.runReflectiveCall(SpringJUnit4ClassRunner.java:289)
	at org.junit.internal.runners.model.ReflectiveCallable.run(ReflectiveCallable.java:12)
	at org.springframework.test.context.junit4.SpringJUnit4ClassRunner.methodBlock(SpringJUnit4ClassRunner.java:291)
	at org.springframework.test.context.junit4.SpringJUnit4ClassRunner.runChild(SpringJUnit4ClassRunner.java:232)
	at org.springframework.test.context.junit4.SpringJUnit4ClassRunner.runChild(SpringJUnit4ClassRunner.java:89)
	at org.junit.runners.ParentRunner$3.run(ParentRunner.java:290)
	at org.junit.runners.ParentRunner$1.schedule(ParentRunner.java:71)
	at org.junit.runners.ParentRunner.runChildren(ParentRunner.java:288)
	at org.junit.runners.ParentRunner.access$000(ParentRunner.java:58)
	at org.junit.runners.ParentRunner$2.evaluate(ParentRunner.java:268)
	at org.springframework.test.context.junit4.statements.RunBeforeTestClassCallbacks.evaluate(RunBeforeTestClassCallbacks.java:61)
	at org.springframework.test.context.junit4.statements.RunAfterTestClassCallbacks.evaluate(RunAfterTestClassCallbacks.java:71)
	at org.junit.runners.ParentRunner.run(ParentRunner.java:363)
	at org.springframework.test.context.junit4.SpringJUnit4ClassRunner.run(SpringJUnit4ClassRunner.java:175)
	at org.eclipse.jdt.internal.junit4.runner.JUnit4TestReference.run(JUnit4TestReference.java:86)
	at org.eclipse.jdt.internal.junit.runner.TestExecution.run(TestExecution.java:38)
	at org.eclipse.jdt.internal.junit.runner.RemoteTestRunner.runTests(RemoteTestRunner.java:459)
	at org.eclipse.jdt.internal.junit.runner.RemoteTestRunner.runTests(RemoteTestRunner.java:675)
	at org.eclipse.jdt.internal.junit.runner.RemoteTestRunner.run(RemoteTestRunner.java:382)
	at org.eclipse.jdt.internal.junit.runner.RemoteTestRunner.main(RemoteTestRunner.java:192)
Caused by: org.springframework.beans.factory.BeanDefinitionStoreException: Invalid bean definition with name 'dataSource' defined in class path resource [spring-mybatis.xml]: Could not resolve placeholder 'driver' in string value "${driver}"; nested exception is java.lang.IllegalArgumentException: Could not resolve placeholder 'driver' in string value "${driver}"
	at org.springframework.beans.factory.config.PlaceholderConfigurerSupport.doProcessProperties(PlaceholderConfigurerSupport.java:211)
	at org.springframework.beans.factory.config.PropertyPlaceholderConfigurer.processProperties(PropertyPlaceholderConfigurer.java:223)
	at org.springframework.beans.factory.config.PropertyResourceConfigurer.postProcessBeanFactory(PropertyResourceConfigurer.java:86)
	at org.springframework.context.support.PostProcessorRegistrationDelegate.invokeBeanFactoryPostProcessors(PostProcessorRegistrationDelegate.java:265)
	at org.springframework.context.support.PostProcessorRegistrationDelegate.invokeBeanFactoryPostProcessors(PostProcessorRegistrationDelegate.java:162)
	at org.springframework.context.support.AbstractApplicationContext.invokeBeanFactoryPostProcessors(AbstractApplicationContext.java:609)
	at org.springframework.context.support.AbstractApplicationContext.refresh(AbstractApplicationContext.java:464)
	at org.springframework.test.context.support.AbstractGenericContextLoader.loadContext(AbstractGenericContextLoader.java:121)
	at org.springframework.test.context.support.AbstractGenericContextLoader.loadContext(AbstractGenericContextLoader.java:60)
	at org.springframework.test.context.support.AbstractDelegatingSmartContextLoader.delegateLoading(AbstractDelegatingSmartContextLoader.java:100)
	at org.springframework.test.context.support.AbstractDelegatingSmartContextLoader.loadContext(AbstractDelegatingSmartContextLoader.java:250)
	at org.springframework.test.context.CacheAwareContextLoaderDelegate.loadContextInternal(CacheAwareContextLoaderDelegate.java:64)
	at org.springframework.test.context.CacheAwareContextLoaderDelegate.loadContext(CacheAwareContextLoaderDelegate.java:91)
	... 25 more
Caused by: java.lang.IllegalArgumentException: Could not resolve placeholder 'driver' in string value "${driver}"
	at org.springframework.util.PropertyPlaceholderHelper.parseStringValue(PropertyPlaceholderHelper.java:174)
	at org.springframework.util.PropertyPlaceholderHelper.replacePlaceholders(PropertyPlaceholderHelper.java:126)
	at org.springframework.beans.factory.config.PropertyPlaceholderConfigurer$PlaceholderResolvingStringValueResolver.resolveStringValue(PropertyPlaceholderConfigurer.java:259)
	at org.springframework.beans.factory.config.BeanDefinitionVisitor.resolveStringValue(BeanDefinitionVisitor.java:282)
	at org.springframework.beans.factory.config.BeanDefinitionVisitor.resolveValue(BeanDefinitionVisitor.java:204)
	at org.springframework.beans.factory.config.BeanDefinitionVisitor.visitPropertyValues(BeanDefinitionVisitor.java:141)
	at org.springframework.beans.factory.config.BeanDefinitionVisitor.visitBeanDefinition(BeanDefinitionVisitor.java:82)
	at org.springframework.beans.factory.config.PlaceholderConfigurerSupport.doProcessProperties(PlaceholderConfigurerSupport.java:208)
	... 37 more
[INFO] [2018-05-31 19:01:29][org.springframework.beans.factory.xml.XmlBeanDefinitionReader]Loading XML bean definitions from class path resource [spring-mybatis.xml]
  [INFO] [2018-05-31 19:01:29][org.springframework.context.support.GenericApplicationContext]Refreshing org.springframework.context.support.GenericApplicationContext@84e94ba: startup date [Thu May 31 19:01:29 CST 2018]; root of context hierarchy
  [INFO] [2018-05-31 19:01:29][org.springframework.beans.factory.config.PropertyPlaceholderConfigurer]Loading properties file from class path resource [jdbc.properties]
  [INFO] [2018-05-31 19:01:29][org.springframework.beans.factory.annotation.AutowiredAnnotationBeanPostProcessor]JSR-330 'javax.inject.Inject' annotation found and supported for autowiring
  [INFO] [2018-05-31 19:01:29][org.springframework.context.support.GenericApplicationContext]Closing org.springframework.context.support.GenericApplicationContext@84e94ba: startup date [Thu May 31 19:01:29 CST 2018]; root of context hierarchy
  [INFO] [2018-05-31 19:03:37][org.springframework.beans.factory.xml.XmlBeanDefinitionReader]Loading XML bean definitions from class path resource [spring-mybatis.xml]
  [INFO] [2018-05-31 19:03:37][org.springframework.context.support.GenericApplicationContext]Refreshing org.springframework.context.support.GenericApplicationContext@84e94ba: startup date [Thu May 31 19:03:37 CST 2018]; root of context hierarchy
  [INFO] [2018-05-31 19:03:37][org.springframework.beans.factory.config.PropertyPlaceholderConfigurer]Loading properties file from class path resource [jdbc.properties]
  [INFO] [2018-05-31 19:03:37][org.springframework.beans.factory.annotation.AutowiredAnnotationBeanPostProcessor]JSR-330 'javax.inject.Inject' annotation found and supported for autowiring
  [INFO] [2018-05-31 19:03:37][org.springframework.context.support.GenericApplicationContext]Closing org.springframework.context.support.GenericApplicationContext@84e94ba: startup date [Thu May 31 19:03:37 CST 2018]; root of context hierarchy
  [INFO] [2018-06-01 15:16:31][org.springframework.beans.factory.xml.XmlBeanDefinitionReader]Loading XML bean definitions from class path resource [spring-mybatis.xml]
  [INFO] [2018-06-01 15:16:32][org.springframework.context.support.GenericApplicationContext]Refreshing org.springframework.context.support.GenericApplicationContext@732c2163: startup date [Fri Jun 01 15:16:32 CST 2018]; root of context hierarchy
  [INFO] [2018-06-01 15:16:32][org.springframework.beans.factory.config.PropertyPlaceholderConfigurer]Loading properties file from class path resource [jdbc.properties]
  [INFO] [2018-06-01 15:16:32][org.springframework.beans.factory.annotation.AutowiredAnnotationBeanPostProcessor]JSR-330 'javax.inject.Inject' annotation found and supported for autowiring
  [INFO] [2018-06-01 15:16:32][org.springframework.context.support.GenericApplicationContext]Closing org.springframework.context.support.GenericApplicationContext@732c2163: startup date [Fri Jun 01 15:16:32 CST 2018]; root of context hierarchy
  [INFO] [2018-06-01 15:21:49][org.springframework.beans.factory.xml.XmlBeanDefinitionReader]Loading XML bean definitions from class path resource [spring-mybatis.xml]
  [INFO] [2018-06-01 15:21:49][org.springframework.context.support.GenericApplicationContext]Refreshing org.springframework.context.support.GenericApplicationContext@732c2163: startup date [Fri Jun 01 15:21:49 CST 2018]; root of context hierarchy
  [INFO] [2018-06-01 15:21:49][org.springframework.beans.factory.config.PropertyPlaceholderConfigurer]Loading properties file from class path resource [jdbc.properties]
  [INFO] [2018-06-01 15:21:49][org.springframework.beans.factory.annotation.AutowiredAnnotationBeanPostProcessor]JSR-330 'javax.inject.Inject' annotation found and supported for autowiring
  [INFO] [2018-06-01 15:21:49][org.springframework.context.support.GenericApplicationContext]Closing org.springframework.context.support.GenericApplicationContext@732c2163: startup date [Fri Jun 01 15:21:49 CST 2018]; root of context hierarchy
  [INFO] [2018-06-01 15:48:35][org.springframework.beans.factory.xml.XmlBeanDefinitionReader]Loading XML bean definitions from class path resource [spring-mybatis.xml]
  [INFO] [2018-06-01 15:48:35][org.springframework.context.support.GenericApplicationContext]Refreshing org.springframework.context.support.GenericApplicationContext@101b57f7: startup date [Fri Jun 01 15:48:35 CST 2018]; root of context hierarchy
  [INFO] [2018-06-01 15:48:35][org.springframework.beans.factory.config.PropertyPlaceholderConfigurer]Loading properties file from class path resource [jdbc.properties]
  [INFO] [2018-06-01 15:48:35][org.springframework.beans.factory.annotation.AutowiredAnnotationBeanPostProcessor]JSR-330 'javax.inject.Inject' annotation found and supported for autowiring
  [INFO] [2018-06-01 15:48:35][org.springframework.context.support.GenericApplicationContext]Closing org.springframework.context.support.GenericApplicationContext@101b57f7: startup date [Fri Jun 01 15:48:35 CST 2018]; root of context hierarchy
  